2021-04-14 15:24:05 Error: [Cake\Controller\Exception\MissingActionException] Action ArticlesController::index.php() could not be found, or is not accessible. in C:\xampp\htdocs\cakeApp\vendor\cakephp\cakephp\src\Controller\Controller.php on line 510
Exception Attributes: array (
  'controller' => 'ArticlesController',
  'action' => 'index.php',
  'prefix' => '',
  'plugin' => NULL,
)
Stack Trace:
- C:\xampp\htdocs\cakeApp\vendor\cakephp\cakephp\src\Controller\ControllerFactory.php:100
- C:\xampp\htdocs\cakeApp\vendor\cakephp\cakephp\src\Http\BaseApplication.php:313
- C:\xampp\htdocs\cakeApp\vendor\cakephp\cakephp\src\Http\Runner.php:77
- C:\xampp\htdocs\cakeApp\vendor\cakephp\cakephp\src\Http\Middleware\CsrfProtectionMiddleware.php:169
- C:\xampp\htdocs\cakeApp\vendor\cakephp\cakephp\src\Http\Runner.php:73
- C:\xampp\htdocs\cakeApp\vendor\cakephp\cakephp\src\Http\Middleware\BodyParserMiddleware.php:159
- C:\xampp\htdocs\cakeApp\vendor\cakephp\cakephp\src\Http\Runner.php:73
- C:\xampp\htdocs\cakeApp\vendor\cakephp\cakephp\src\Routing\Middleware\RoutingMiddleware.php:161
- C:\xampp\htdocs\cakeApp\vendor\cakephp\cakephp\src\Http\Runner.php:73
- C:\xampp\htdocs\cakeApp\vendor\cakephp\cakephp\src\Routing\Middleware\AssetMiddleware.php:77
- C:\xampp\htdocs\cakeApp\vendor\cakephp\cakephp\src\Http\Runner.php:73
- C:\xampp\htdocs\cakeApp\vendor\cakephp\cakephp\src\Error\Middleware\ErrorHandlerMiddleware.php:126
- C:\xampp\htdocs\cakeApp\vendor\cakephp\cakephp\src\Http\Runner.php:73
- C:\xampp\htdocs\cakeApp\vendor\cakephp\debug_kit\src\Middleware\DebugKitMiddleware.php:60
- C:\xampp\htdocs\cakeApp\vendor\cakephp\cakephp\src\Http\Runner.php:73
- C:\xampp\htdocs\cakeApp\vendor\cakephp\cakephp\src\Http\Runner.php:58
- C:\xampp\htdocs\cakeApp\vendor\cakephp\cakephp\src\Http\Server.php:90
- C:\xampp\htdocs\cakeApp\webroot\index.php:40

Request URL: /articles/index.php


2021-04-14 15:27:39 Error: [Cake\Controller\Exception\MissingActionException] Action ArticlesController::index.php() could not be found, or is not accessible. in C:\xampp\htdocs\cakeApp\vendor\cakephp\cakephp\src\Controller\Controller.php on line 510
Exception Attributes: array (
  'controller' => 'ArticlesController',
  'action' => 'index.php',
  'prefix' => '',
  'plugin' => NULL,
)
Stack Trace:
- C:\xampp\htdocs\cakeApp\vendor\cakephp\cakephp\src\Controller\ControllerFactory.php:100
- C:\xampp\htdocs\cakeApp\vendor\cakephp\cakephp\src\Http\BaseApplication.php:313
- C:\xampp\htdocs\cakeApp\vendor\cakephp\cakephp\src\Http\Runner.php:77
- C:\xampp\htdocs\cakeApp\vendor\cakephp\cakephp\src\Http\Middleware\CsrfProtectionMiddleware.php:169
- C:\xampp\htdocs\cakeApp\vendor\cakephp\cakephp\src\Http\Runner.php:73
- C:\xampp\htdocs\cakeApp\vendor\cakephp\cakephp\src\Http\Middleware\BodyParserMiddleware.php:159
- C:\xampp\htdocs\cakeApp\vendor\cakephp\cakephp\src\Http\Runner.php:73
- C:\xampp\htdocs\cakeApp\vendor\cakephp\cakephp\src\Routing\Middleware\RoutingMiddleware.php:161
- C:\xampp\htdocs\cakeApp\vendor\cakephp\cakephp\src\Http\Runner.php:73
- C:\xampp\htdocs\cakeApp\vendor\cakephp\cakephp\src\Routing\Middleware\AssetMiddleware.php:77
- C:\xampp\htdocs\cakeApp\vendor\cakephp\cakephp\src\Http\Runner.php:73
- C:\xampp\htdocs\cakeApp\vendor\cakephp\cakephp\src\Error\Middleware\ErrorHandlerMiddleware.php:126
- C:\xampp\htdocs\cakeApp\vendor\cakephp\cakephp\src\Http\Runner.php:73
- C:\xampp\htdocs\cakeApp\vendor\cakephp\debug_kit\src\Middleware\DebugKitMiddleware.php:60
- C:\xampp\htdocs\cakeApp\vendor\cakephp\cakephp\src\Http\Runner.php:73
- C:\xampp\htdocs\cakeApp\vendor\cakephp\cakephp\src\Http\Runner.php:58
- C:\xampp\htdocs\cakeApp\vendor\cakephp\cakephp\src\Http\Server.php:90
- C:\xampp\htdocs\cakeApp\webroot\index.php:40

Request URL: /articles/index.php


2021-04-14 15:27:41 Error: [Cake\Controller\Exception\MissingActionException] Action ArticlesController::index.php() could not be found, or is not accessible. in C:\xampp\htdocs\cakeApp\vendor\cakephp\cakephp\src\Controller\Controller.php on line 510
Exception Attributes: array (
  'controller' => 'ArticlesController',
  'action' => 'index.php',
  'prefix' => '',
  'plugin' => NULL,
)
Stack Trace:
- C:\xampp\htdocs\cakeApp\vendor\cakephp\cakephp\src\Controller\ControllerFactory.php:100
- C:\xampp\htdocs\cakeApp\vendor\cakephp\cakephp\src\Http\BaseApplication.php:313
- C:\xampp\htdocs\cakeApp\vendor\cakephp\cakephp\src\Http\Runner.php:77
- C:\xampp\htdocs\cakeApp\vendor\cakephp\cakephp\src\Http\Middleware\CsrfProtectionMiddleware.php:169
- C:\xampp\htdocs\cakeApp\vendor\cakephp\cakephp\src\Http\Runner.php:73
- C:\xampp\htdocs\cakeApp\vendor\cakephp\cakephp\src\Http\Middleware\BodyParserMiddleware.php:159
- C:\xampp\htdocs\cakeApp\vendor\cakephp\cakephp\src\Http\Runner.php:73
- C:\xampp\htdocs\cakeApp\vendor\cakephp\cakephp\src\Routing\Middleware\RoutingMiddleware.php:161
- C:\xampp\htdocs\cakeApp\vendor\cakephp\cakephp\src\Http\Runner.php:73
- C:\xampp\htdocs\cakeApp\vendor\cakephp\cakephp\src\Routing\Middleware\AssetMiddleware.php:77
- C:\xampp\htdocs\cakeApp\vendor\cakephp\cakephp\src\Http\Runner.php:73
- C:\xampp\htdocs\cakeApp\vendor\cakephp\cakephp\src\Error\Middleware\ErrorHandlerMiddleware.php:126
- C:\xampp\htdocs\cakeApp\vendor\cakephp\cakephp\src\Http\Runner.php:73
- C:\xampp\htdocs\cakeApp\vendor\cakephp\debug_kit\src\Middleware\DebugKitMiddleware.php:60
- C:\xampp\htdocs\cakeApp\vendor\cakephp\cakephp\src\Http\Runner.php:73
- C:\xampp\htdocs\cakeApp\vendor\cakephp\cakephp\src\Http\Runner.php:58
- C:\xampp\htdocs\cakeApp\vendor\cakephp\cakephp\src\Http\Server.php:90
- C:\xampp\htdocs\cakeApp\webroot\index.php:40

Request URL: /articles/index.php


2021-04-16 20:49:40 Error: [PDOException] SQLSTATE[23000]: Integrity constraint violation: 1062 Duplicate entry '' for key 'slug' in C:\xampp\htdocs\cakeApp\vendor\cakephp\cakephp\src\Database\Statement\MysqlStatement.php on line 39
Stack Trace:
- C:\xampp\htdocs\cakeApp\vendor\cakephp\cakephp\src\Database\Statement\MysqlStatement.php:39
- C:\xampp\htdocs\cakeApp\vendor\cakephp\cakephp\src\Database\Statement\StatementDecorator.php:178
- C:\xampp\htdocs\cakeApp\vendor\cakephp\cakephp\src\Database\Log\LoggingStatement.php:74
- C:\xampp\htdocs\cakeApp\vendor\cakephp\cakephp\src\Database\Connection.php:341
- C:\xampp\htdocs\cakeApp\vendor\cakephp\cakephp\src\Core\Retry\CommandRetry.php:70
- C:\xampp\htdocs\cakeApp\vendor\cakephp\cakephp\src\Database\Connection.php:344
- C:\xampp\htdocs\cakeApp\vendor\cakephp\cakephp\src\Database\Query.php:250
- C:\xampp\htdocs\cakeApp\vendor\cakephp\cakephp\src\ORM\Table.php:2077
- C:\xampp\htdocs\cakeApp\vendor\cakephp\cakephp\src\ORM\Table.php:1969
- C:\xampp\htdocs\cakeApp\vendor\cakephp\cakephp\src\ORM\Table.php:1870
- C:\xampp\htdocs\cakeApp\vendor\cakephp\cakephp\src\ORM\Table.php:1559
- C:\xampp\htdocs\cakeApp\vendor\cakephp\cakephp\src\Database\Connection.php:686
- C:\xampp\htdocs\cakeApp\vendor\cakephp\cakephp\src\ORM\Table.php:1560
- C:\xampp\htdocs\cakeApp\vendor\cakephp\cakephp\src\ORM\Table.php:1871
- C:\xampp\htdocs\cakeApp\src\Controller\ArticlesController.php:31
- C:\xampp\htdocs\cakeApp\vendor\cakephp\cakephp\src\Controller\Controller.php:531
- C:\xampp\htdocs\cakeApp\vendor\cakephp\cakephp\src\Controller\ControllerFactory.php:151
- C:\xampp\htdocs\cakeApp\vendor\cakephp\cakephp\src\Http\BaseApplication.php:313
- C:\xampp\htdocs\cakeApp\vendor\cakephp\cakephp\src\Http\Runner.php:77
- C:\xampp\htdocs\cakeApp\vendor\cakephp\cakephp\src\Http\Middleware\CsrfProtectionMiddleware.php:169
- C:\xampp\htdocs\cakeApp\vendor\cakephp\cakephp\src\Http\Runner.php:73
- C:\xampp\htdocs\cakeApp\vendor\cakephp\cakephp\src\Http\Middleware\BodyParserMiddleware.php:164
- C:\xampp\htdocs\cakeApp\vendor\cakephp\cakephp\src\Http\Runner.php:73
- C:\xampp\htdocs\cakeApp\vendor\cakephp\cakephp\src\Routing\Middleware\RoutingMiddleware.php:161
- C:\xampp\htdocs\cakeApp\vendor\cakephp\cakephp\src\Http\Runner.php:73
- C:\xampp\htdocs\cakeApp\vendor\cakephp\cakephp\src\Routing\Middleware\AssetMiddleware.php:68
- C:\xampp\htdocs\cakeApp\vendor\cakephp\cakephp\src\Http\Runner.php:73
- C:\xampp\htdocs\cakeApp\vendor\cakephp\cakephp\src\Error\Middleware\ErrorHandlerMiddleware.php:126
- C:\xampp\htdocs\cakeApp\vendor\cakephp\cakephp\src\Http\Runner.php:73
- C:\xampp\htdocs\cakeApp\vendor\cakephp\debug_kit\src\Middleware\DebugKitMiddleware.php:60
- C:\xampp\htdocs\cakeApp\vendor\cakephp\cakephp\src\Http\Runner.php:73
- C:\xampp\htdocs\cakeApp\vendor\cakephp\cakephp\src\Http\Runner.php:58
- C:\xampp\htdocs\cakeApp\vendor\cakephp\cakephp\src\Http\Server.php:90
- C:\xampp\htdocs\cakeApp\webroot\index.php:40

Request URL: /articles/add
Referer URL: http://localhost/cakeApp/articles/add


2021-04-16 20:50:11 Error: [PDOException] SQLSTATE[23000]: Integrity constraint violation: 1062 Duplicate entry '' for key 'slug' in C:\xampp\htdocs\cakeApp\vendor\cakephp\cakephp\src\Database\Statement\MysqlStatement.php on line 39
Stack Trace:
- C:\xampp\htdocs\cakeApp\vendor\cakephp\cakephp\src\Database\Statement\MysqlStatement.php:39
- C:\xampp\htdocs\cakeApp\vendor\cakephp\cakephp\src\Database\Statement\StatementDecorator.php:178
- C:\xampp\htdocs\cakeApp\vendor\cakephp\cakephp\src\Database\Log\LoggingStatement.php:74
- C:\xampp\htdocs\cakeApp\vendor\cakephp\cakephp\src\Database\Connection.php:341
- C:\xampp\htdocs\cakeApp\vendor\cakephp\cakephp\src\Core\Retry\CommandRetry.php:70
- C:\xampp\htdocs\cakeApp\vendor\cakephp\cakephp\src\Database\Connection.php:344
- C:\xampp\htdocs\cakeApp\vendor\cakephp\cakephp\src\Database\Query.php:250
- C:\xampp\htdocs\cakeApp\vendor\cakephp\cakephp\src\ORM\Table.php:2077
- C:\xampp\htdocs\cakeApp\vendor\cakephp\cakephp\src\ORM\Table.php:1969
- C:\xampp\htdocs\cakeApp\vendor\cakephp\cakephp\src\ORM\Table.php:1870
- C:\xampp\htdocs\cakeApp\vendor\cakephp\cakephp\src\ORM\Table.php:1559
- C:\xampp\htdocs\cakeApp\vendor\cakephp\cakephp\src\Database\Connection.php:686
- C:\xampp\htdocs\cakeApp\vendor\cakephp\cakephp\src\ORM\Table.php:1560
- C:\xampp\htdocs\cakeApp\vendor\cakephp\cakephp\src\ORM\Table.php:1871
- C:\xampp\htdocs\cakeApp\src\Controller\ArticlesController.php:31
- C:\xampp\htdocs\cakeApp\vendor\cakephp\cakephp\src\Controller\Controller.php:531
- C:\xampp\htdocs\cakeApp\vendor\cakephp\cakephp\src\Controller\ControllerFactory.php:151
- C:\xampp\htdocs\cakeApp\vendor\cakephp\cakephp\src\Http\BaseApplication.php:313
- C:\xampp\htdocs\cakeApp\vendor\cakephp\cakephp\src\Http\Runner.php:77
- C:\xampp\htdocs\cakeApp\vendor\cakephp\cakephp\src\Http\Middleware\CsrfProtectionMiddleware.php:169
- C:\xampp\htdocs\cakeApp\vendor\cakephp\cakephp\src\Http\Runner.php:73
- C:\xampp\htdocs\cakeApp\vendor\cakephp\cakephp\src\Http\Middleware\BodyParserMiddleware.php:164
- C:\xampp\htdocs\cakeApp\vendor\cakephp\cakephp\src\Http\Runner.php:73
- C:\xampp\htdocs\cakeApp\vendor\cakephp\cakephp\src\Routing\Middleware\RoutingMiddleware.php:161
- C:\xampp\htdocs\cakeApp\vendor\cakephp\cakephp\src\Http\Runner.php:73
- C:\xampp\htdocs\cakeApp\vendor\cakephp\cakephp\src\Routing\Middleware\AssetMiddleware.php:68
- C:\xampp\htdocs\cakeApp\vendor\cakephp\cakephp\src\Http\Runner.php:73
- C:\xampp\htdocs\cakeApp\vendor\cakephp\cakephp\src\Error\Middleware\ErrorHandlerMiddleware.php:126
- C:\xampp\htdocs\cakeApp\vendor\cakephp\cakephp\src\Http\Runner.php:73
- C:\xampp\htdocs\cakeApp\vendor\cakephp\debug_kit\src\Middleware\DebugKitMiddleware.php:60
- C:\xampp\htdocs\cakeApp\vendor\cakephp\cakephp\src\Http\Runner.php:73
- C:\xampp\htdocs\cakeApp\vendor\cakephp\cakephp\src\Http\Runner.php:58
- C:\xampp\htdocs\cakeApp\vendor\cakephp\cakephp\src\Http\Server.php:90
- C:\xampp\htdocs\cakeApp\webroot\index.php:40

Request URL: /articles/add
Referer URL: http://localhost/cakeApp/articles/add


2021-04-16 20:51:21 Error: [PDOException] SQLSTATE[23000]: Integrity constraint violation: 1062 Duplicate entry '' for key 'slug' in C:\xampp\htdocs\cakeApp\vendor\cakephp\cakephp\src\Database\Statement\MysqlStatement.php on line 39
Stack Trace:
- C:\xampp\htdocs\cakeApp\vendor\cakephp\cakephp\src\Database\Statement\MysqlStatement.php:39
- C:\xampp\htdocs\cakeApp\vendor\cakephp\cakephp\src\Database\Statement\StatementDecorator.php:178
- C:\xampp\htdocs\cakeApp\vendor\cakephp\cakephp\src\Database\Log\LoggingStatement.php:74
- C:\xampp\htdocs\cakeApp\vendor\cakephp\cakephp\src\Database\Connection.php:341
- C:\xampp\htdocs\cakeApp\vendor\cakephp\cakephp\src\Core\Retry\CommandRetry.php:70
- C:\xampp\htdocs\cakeApp\vendor\cakephp\cakephp\src\Database\Connection.php:344
- C:\xampp\htdocs\cakeApp\vendor\cakephp\cakephp\src\Database\Query.php:250
- C:\xampp\htdocs\cakeApp\vendor\cakephp\cakephp\src\ORM\Table.php:2077
- C:\xampp\htdocs\cakeApp\vendor\cakephp\cakephp\src\ORM\Table.php:1969
- C:\xampp\htdocs\cakeApp\vendor\cakephp\cakephp\src\ORM\Table.php:1870
- C:\xampp\htdocs\cakeApp\vendor\cakephp\cakephp\src\ORM\Table.php:1559
- C:\xampp\htdocs\cakeApp\vendor\cakephp\cakephp\src\Database\Connection.php:686
- C:\xampp\htdocs\cakeApp\vendor\cakephp\cakephp\src\ORM\Table.php:1560
- C:\xampp\htdocs\cakeApp\vendor\cakephp\cakephp\src\ORM\Table.php:1871
- C:\xampp\htdocs\cakeApp\src\Controller\ArticlesController.php:31
- C:\xampp\htdocs\cakeApp\vendor\cakephp\cakephp\src\Controller\Controller.php:531
- C:\xampp\htdocs\cakeApp\vendor\cakephp\cakephp\src\Controller\ControllerFactory.php:151
- C:\xampp\htdocs\cakeApp\vendor\cakephp\cakephp\src\Http\BaseApplication.php:313
- C:\xampp\htdocs\cakeApp\vendor\cakephp\cakephp\src\Http\Runner.php:77
- C:\xampp\htdocs\cakeApp\vendor\cakephp\cakephp\src\Http\Middleware\CsrfProtectionMiddleware.php:169
- C:\xampp\htdocs\cakeApp\vendor\cakephp\cakephp\src\Http\Runner.php:73
- C:\xampp\htdocs\cakeApp\vendor\cakephp\cakephp\src\Http\Middleware\BodyParserMiddleware.php:164
- C:\xampp\htdocs\cakeApp\vendor\cakephp\cakephp\src\Http\Runner.php:73
- C:\xampp\htdocs\cakeApp\vendor\cakephp\cakephp\src\Routing\Middleware\RoutingMiddleware.php:161
- C:\xampp\htdocs\cakeApp\vendor\cakephp\cakephp\src\Http\Runner.php:73
- C:\xampp\htdocs\cakeApp\vendor\cakephp\cakephp\src\Routing\Middleware\AssetMiddleware.php:68
- C:\xampp\htdocs\cakeApp\vendor\cakephp\cakephp\src\Http\Runner.php:73
- C:\xampp\htdocs\cakeApp\vendor\cakephp\cakephp\src\Error\Middleware\ErrorHandlerMiddleware.php:126
- C:\xampp\htdocs\cakeApp\vendor\cakephp\cakephp\src\Http\Runner.php:73
- C:\xampp\htdocs\cakeApp\vendor\cakephp\debug_kit\src\Middleware\DebugKitMiddleware.php:60
- C:\xampp\htdocs\cakeApp\vendor\cakephp\cakephp\src\Http\Runner.php:73
- C:\xampp\htdocs\cakeApp\vendor\cakephp\cakephp\src\Http\Runner.php:58
- C:\xampp\htdocs\cakeApp\vendor\cakephp\cakephp\src\Http\Server.php:90
- C:\xampp\htdocs\cakeApp\webroot\index.php:40

Request URL: /articles/add
Referer URL: http://localhost/cakeApp/articles/add


2021-04-16 20:55:28 Error: [Cake\Controller\Exception\MissingActionException] Action ArticlesController::view() could not be found, or is not accessible. in C:\xampp\htdocs\cakeApp\vendor\cakephp\cakephp\src\Controller\Controller.php on line 510
Exception Attributes: array (
  'controller' => 'ArticlesController',
  'action' => 'view',
  'prefix' => '',
  'plugin' => NULL,
)
Stack Trace:
- C:\xampp\htdocs\cakeApp\vendor\cakephp\cakephp\src\Controller\ControllerFactory.php:100
- C:\xampp\htdocs\cakeApp\vendor\cakephp\cakephp\src\Http\BaseApplication.php:313
- C:\xampp\htdocs\cakeApp\vendor\cakephp\cakephp\src\Http\Runner.php:77
- C:\xampp\htdocs\cakeApp\vendor\cakephp\cakephp\src\Http\Middleware\CsrfProtectionMiddleware.php:169
- C:\xampp\htdocs\cakeApp\vendor\cakephp\cakephp\src\Http\Runner.php:73
- C:\xampp\htdocs\cakeApp\vendor\cakephp\cakephp\src\Http\Middleware\BodyParserMiddleware.php:159
- C:\xampp\htdocs\cakeApp\vendor\cakephp\cakephp\src\Http\Runner.php:73
- C:\xampp\htdocs\cakeApp\vendor\cakephp\cakephp\src\Routing\Middleware\RoutingMiddleware.php:161
- C:\xampp\htdocs\cakeApp\vendor\cakephp\cakephp\src\Http\Runner.php:73
- C:\xampp\htdocs\cakeApp\vendor\cakephp\cakephp\src\Routing\Middleware\AssetMiddleware.php:68
- C:\xampp\htdocs\cakeApp\vendor\cakephp\cakephp\src\Http\Runner.php:73
- C:\xampp\htdocs\cakeApp\vendor\cakephp\cakephp\src\Error\Middleware\ErrorHandlerMiddleware.php:126
- C:\xampp\htdocs\cakeApp\vendor\cakephp\cakephp\src\Http\Runner.php:73
- C:\xampp\htdocs\cakeApp\vendor\cakephp\debug_kit\src\Middleware\DebugKitMiddleware.php:60
- C:\xampp\htdocs\cakeApp\vendor\cakephp\cakephp\src\Http\Runner.php:73
- C:\xampp\htdocs\cakeApp\vendor\cakephp\cakephp\src\Http\Runner.php:58
- C:\xampp\htdocs\cakeApp\vendor\cakephp\cakephp\src\Http\Server.php:90
- C:\xampp\htdocs\cakeApp\webroot\index.php:40

Request URL: /articles/view
Referer URL: http://localhost/cakeApp/articles/index


2021-04-16 20:56:57 Error: [PDOException] SQLSTATE[23000]: Integrity constraint violation: 1062 Duplicate entry '' for key 'slug' in C:\xampp\htdocs\cakeApp\vendor\cakephp\cakephp\src\Database\Statement\MysqlStatement.php on line 39
Stack Trace:
- C:\xampp\htdocs\cakeApp\vendor\cakephp\cakephp\src\Database\Statement\MysqlStatement.php:39
- C:\xampp\htdocs\cakeApp\vendor\cakephp\cakephp\src\Database\Statement\StatementDecorator.php:178
- C:\xampp\htdocs\cakeApp\vendor\cakephp\cakephp\src\Database\Log\LoggingStatement.php:74
- C:\xampp\htdocs\cakeApp\vendor\cakephp\cakephp\src\Database\Connection.php:341
- C:\xampp\htdocs\cakeApp\vendor\cakephp\cakephp\src\Core\Retry\CommandRetry.php:70
- C:\xampp\htdocs\cakeApp\vendor\cakephp\cakephp\src\Database\Connection.php:344
- C:\xampp\htdocs\cakeApp\vendor\cakephp\cakephp\src\Database\Query.php:250
- C:\xampp\htdocs\cakeApp\vendor\cakephp\cakephp\src\ORM\Table.php:2077
- C:\xampp\htdocs\cakeApp\vendor\cakephp\cakephp\src\ORM\Table.php:1969
- C:\xampp\htdocs\cakeApp\vendor\cakephp\cakephp\src\ORM\Table.php:1870
- C:\xampp\htdocs\cakeApp\vendor\cakephp\cakephp\src\ORM\Table.php:1559
- C:\xampp\htdocs\cakeApp\vendor\cakephp\cakephp\src\Database\Connection.php:686
- C:\xampp\htdocs\cakeApp\vendor\cakephp\cakephp\src\ORM\Table.php:1560
- C:\xampp\htdocs\cakeApp\vendor\cakephp\cakephp\src\ORM\Table.php:1871
- C:\xampp\htdocs\cakeApp\src\Controller\ArticlesController.php:31
- C:\xampp\htdocs\cakeApp\vendor\cakephp\cakephp\src\Controller\Controller.php:531
- C:\xampp\htdocs\cakeApp\vendor\cakephp\cakephp\src\Controller\ControllerFactory.php:151
- C:\xampp\htdocs\cakeApp\vendor\cakephp\cakephp\src\Http\BaseApplication.php:313
- C:\xampp\htdocs\cakeApp\vendor\cakephp\cakephp\src\Http\Runner.php:77
- C:\xampp\htdocs\cakeApp\vendor\cakephp\cakephp\src\Http\Middleware\CsrfProtectionMiddleware.php:169
- C:\xampp\htdocs\cakeApp\vendor\cakephp\cakephp\src\Http\Runner.php:73
- C:\xampp\htdocs\cakeApp\vendor\cakephp\cakephp\src\Http\Middleware\BodyParserMiddleware.php:164
- C:\xampp\htdocs\cakeApp\vendor\cakephp\cakephp\src\Http\Runner.php:73
- C:\xampp\htdocs\cakeApp\vendor\cakephp\cakephp\src\Routing\Middleware\RoutingMiddleware.php:161
- C:\xampp\htdocs\cakeApp\vendor\cakephp\cakephp\src\Http\Runner.php:73
- C:\xampp\htdocs\cakeApp\vendor\cakephp\cakephp\src\Routing\Middleware\AssetMiddleware.php:68
- C:\xampp\htdocs\cakeApp\vendor\cakephp\cakephp\src\Http\Runner.php:73
- C:\xampp\htdocs\cakeApp\vendor\cakephp\cakephp\src\Error\Middleware\ErrorHandlerMiddleware.php:126
- C:\xampp\htdocs\cakeApp\vendor\cakephp\cakephp\src\Http\Runner.php:73
- C:\xampp\htdocs\cakeApp\vendor\cakephp\debug_kit\src\Middleware\DebugKitMiddleware.php:60
- C:\xampp\htdocs\cakeApp\vendor\cakephp\cakephp\src\Http\Runner.php:73
- C:\xampp\htdocs\cakeApp\vendor\cakephp\cakephp\src\Http\Runner.php:58
- C:\xampp\htdocs\cakeApp\vendor\cakephp\cakephp\src\Http\Server.php:90
- C:\xampp\htdocs\cakeApp\webroot\index.php:40

Request URL: /articles/add
Referer URL: http://localhost/cakeApp/articles/add


2021-04-16 21:16:11 Error: [PDOException] SQLSTATE[23000]: Integrity constraint violation: 1062 Duplicate entry '' for key 'slug' in C:\xampp\htdocs\cakeApp\vendor\cakephp\cakephp\src\Database\Statement\MysqlStatement.php on line 39
Stack Trace:
- C:\xampp\htdocs\cakeApp\vendor\cakephp\cakephp\src\Database\Statement\MysqlStatement.php:39
- C:\xampp\htdocs\cakeApp\vendor\cakephp\cakephp\src\Database\Statement\StatementDecorator.php:178
- C:\xampp\htdocs\cakeApp\vendor\cakephp\cakephp\src\Database\Log\LoggingStatement.php:74
- C:\xampp\htdocs\cakeApp\vendor\cakephp\cakephp\src\Database\Connection.php:341
- C:\xampp\htdocs\cakeApp\vendor\cakephp\cakephp\src\Core\Retry\CommandRetry.php:70
- C:\xampp\htdocs\cakeApp\vendor\cakephp\cakephp\src\Database\Connection.php:344
- C:\xampp\htdocs\cakeApp\vendor\cakephp\cakephp\src\Database\Query.php:250
- C:\xampp\htdocs\cakeApp\vendor\cakephp\cakephp\src\ORM\Table.php:2077
- C:\xampp\htdocs\cakeApp\vendor\cakephp\cakephp\src\ORM\Table.php:1969
- C:\xampp\htdocs\cakeApp\vendor\cakephp\cakephp\src\ORM\Table.php:1870
- C:\xampp\htdocs\cakeApp\vendor\cakephp\cakephp\src\ORM\Table.php:1559
- C:\xampp\htdocs\cakeApp\vendor\cakephp\cakephp\src\Database\Connection.php:686
- C:\xampp\htdocs\cakeApp\vendor\cakephp\cakephp\src\ORM\Table.php:1560
- C:\xampp\htdocs\cakeApp\vendor\cakephp\cakephp\src\ORM\Table.php:1871
- C:\xampp\htdocs\cakeApp\src\Controller\ArticlesController.php:31
- C:\xampp\htdocs\cakeApp\vendor\cakephp\cakephp\src\Controller\Controller.php:531
- C:\xampp\htdocs\cakeApp\vendor\cakephp\cakephp\src\Controller\ControllerFactory.php:151
- C:\xampp\htdocs\cakeApp\vendor\cakephp\cakephp\src\Http\BaseApplication.php:313
- C:\xampp\htdocs\cakeApp\vendor\cakephp\cakephp\src\Http\Runner.php:77
- C:\xampp\htdocs\cakeApp\vendor\cakephp\cakephp\src\Http\Middleware\CsrfProtectionMiddleware.php:169
- C:\xampp\htdocs\cakeApp\vendor\cakephp\cakephp\src\Http\Runner.php:73
- C:\xampp\htdocs\cakeApp\vendor\cakephp\cakephp\src\Http\Middleware\BodyParserMiddleware.php:164
- C:\xampp\htdocs\cakeApp\vendor\cakephp\cakephp\src\Http\Runner.php:73
- C:\xampp\htdocs\cakeApp\vendor\cakephp\cakephp\src\Routing\Middleware\RoutingMiddleware.php:161
- C:\xampp\htdocs\cakeApp\vendor\cakephp\cakephp\src\Http\Runner.php:73
- C:\xampp\htdocs\cakeApp\vendor\cakephp\cakephp\src\Routing\Middleware\AssetMiddleware.php:68
- C:\xampp\htdocs\cakeApp\vendor\cakephp\cakephp\src\Http\Runner.php:73
- C:\xampp\htdocs\cakeApp\vendor\cakephp\cakephp\src\Error\Middleware\ErrorHandlerMiddleware.php:126
- C:\xampp\htdocs\cakeApp\vendor\cakephp\cakephp\src\Http\Runner.php:73
- C:\xampp\htdocs\cakeApp\vendor\cakephp\debug_kit\src\Middleware\DebugKitMiddleware.php:60
- C:\xampp\htdocs\cakeApp\vendor\cakephp\cakephp\src\Http\Runner.php:73
- C:\xampp\htdocs\cakeApp\vendor\cakephp\cakephp\src\Http\Runner.php:58
- C:\xampp\htdocs\cakeApp\vendor\cakephp\cakephp\src\Http\Server.php:90
- C:\xampp\htdocs\cakeApp\webroot\index.php:40

Request URL: /articles/add
Referer URL: http://localhost/cakeApp/articles/add


2021-04-16 21:16:15 Error: [PDOException] SQLSTATE[23000]: Integrity constraint violation: 1062 Duplicate entry '' for key 'slug' in C:\xampp\htdocs\cakeApp\vendor\cakephp\cakephp\src\Database\Statement\MysqlStatement.php on line 39
Stack Trace:
- C:\xampp\htdocs\cakeApp\vendor\cakephp\cakephp\src\Database\Statement\MysqlStatement.php:39
- C:\xampp\htdocs\cakeApp\vendor\cakephp\cakephp\src\Database\Statement\StatementDecorator.php:178
- C:\xampp\htdocs\cakeApp\vendor\cakephp\cakephp\src\Database\Log\LoggingStatement.php:74
- C:\xampp\htdocs\cakeApp\vendor\cakephp\cakephp\src\Database\Connection.php:341
- C:\xampp\htdocs\cakeApp\vendor\cakephp\cakephp\src\Core\Retry\CommandRetry.php:70
- C:\xampp\htdocs\cakeApp\vendor\cakephp\cakephp\src\Database\Connection.php:344
- C:\xampp\htdocs\cakeApp\vendor\cakephp\cakephp\src\Database\Query.php:250
- C:\xampp\htdocs\cakeApp\vendor\cakephp\cakephp\src\ORM\Table.php:2077
- C:\xampp\htdocs\cakeApp\vendor\cakephp\cakephp\src\ORM\Table.php:1969
- C:\xampp\htdocs\cakeApp\vendor\cakephp\cakephp\src\ORM\Table.php:1870
- C:\xampp\htdocs\cakeApp\vendor\cakephp\cakephp\src\ORM\Table.php:1559
- C:\xampp\htdocs\cakeApp\vendor\cakephp\cakephp\src\Database\Connection.php:686
- C:\xampp\htdocs\cakeApp\vendor\cakephp\cakephp\src\ORM\Table.php:1560
- C:\xampp\htdocs\cakeApp\vendor\cakephp\cakephp\src\ORM\Table.php:1871
- C:\xampp\htdocs\cakeApp\src\Controller\ArticlesController.php:31
- C:\xampp\htdocs\cakeApp\vendor\cakephp\cakephp\src\Controller\Controller.php:531
- C:\xampp\htdocs\cakeApp\vendor\cakephp\cakephp\src\Controller\ControllerFactory.php:151
- C:\xampp\htdocs\cakeApp\vendor\cakephp\cakephp\src\Http\BaseApplication.php:313
- C:\xampp\htdocs\cakeApp\vendor\cakephp\cakephp\src\Http\Runner.php:77
- C:\xampp\htdocs\cakeApp\vendor\cakephp\cakephp\src\Http\Middleware\CsrfProtectionMiddleware.php:169
- C:\xampp\htdocs\cakeApp\vendor\cakephp\cakephp\src\Http\Runner.php:73
- C:\xampp\htdocs\cakeApp\vendor\cakephp\cakephp\src\Http\Middleware\BodyParserMiddleware.php:164
- C:\xampp\htdocs\cakeApp\vendor\cakephp\cakephp\src\Http\Runner.php:73
- C:\xampp\htdocs\cakeApp\vendor\cakephp\cakephp\src\Routing\Middleware\RoutingMiddleware.php:161
- C:\xampp\htdocs\cakeApp\vendor\cakephp\cakephp\src\Http\Runner.php:73
- C:\xampp\htdocs\cakeApp\vendor\cakephp\cakephp\src\Routing\Middleware\AssetMiddleware.php:68
- C:\xampp\htdocs\cakeApp\vendor\cakephp\cakephp\src\Http\Runner.php:73
- C:\xampp\htdocs\cakeApp\vendor\cakephp\cakephp\src\Error\Middleware\ErrorHandlerMiddleware.php:126
- C:\xampp\htdocs\cakeApp\vendor\cakephp\cakephp\src\Http\Runner.php:73
- C:\xampp\htdocs\cakeApp\vendor\cakephp\debug_kit\src\Middleware\DebugKitMiddleware.php:60
- C:\xampp\htdocs\cakeApp\vendor\cakephp\cakephp\src\Http\Runner.php:73
- C:\xampp\htdocs\cakeApp\vendor\cakephp\cakephp\src\Http\Runner.php:58
- C:\xampp\htdocs\cakeApp\vendor\cakephp\cakephp\src\Http\Server.php:90
- C:\xampp\htdocs\cakeApp\webroot\index.php:40

Request URL: /articles/add
Referer URL: http://localhost/cakeApp/articles/add


2021-04-16 21:31:16 Error: [Cake\Controller\Exception\MissingActionException] Action ArticlesController::view() could not be found, or is not accessible. in C:\xampp\htdocs\cakeApp\vendor\cakephp\cakephp\src\Controller\Controller.php on line 510
Exception Attributes: array (
  'controller' => 'ArticlesController',
  'action' => 'view',
  'prefix' => '',
  'plugin' => NULL,
)
Stack Trace:
- C:\xampp\htdocs\cakeApp\vendor\cakephp\cakephp\src\Controller\ControllerFactory.php:100
- C:\xampp\htdocs\cakeApp\vendor\cakephp\cakephp\src\Http\BaseApplication.php:313
- C:\xampp\htdocs\cakeApp\vendor\cakephp\cakephp\src\Http\Runner.php:77
- C:\xampp\htdocs\cakeApp\vendor\cakephp\cakephp\src\Http\Middleware\CsrfProtectionMiddleware.php:169
- C:\xampp\htdocs\cakeApp\vendor\cakephp\cakephp\src\Http\Runner.php:73
- C:\xampp\htdocs\cakeApp\vendor\cakephp\cakephp\src\Http\Middleware\BodyParserMiddleware.php:159
- C:\xampp\htdocs\cakeApp\vendor\cakephp\cakephp\src\Http\Runner.php:73
- C:\xampp\htdocs\cakeApp\vendor\cakephp\cakephp\src\Routing\Middleware\RoutingMiddleware.php:161
- C:\xampp\htdocs\cakeApp\vendor\cakephp\cakephp\src\Http\Runner.php:73
- C:\xampp\htdocs\cakeApp\vendor\cakephp\cakephp\src\Routing\Middleware\AssetMiddleware.php:68
- C:\xampp\htdocs\cakeApp\vendor\cakephp\cakephp\src\Http\Runner.php:73
- C:\xampp\htdocs\cakeApp\vendor\cakephp\cakephp\src\Error\Middleware\ErrorHandlerMiddleware.php:126
- C:\xampp\htdocs\cakeApp\vendor\cakephp\cakephp\src\Http\Runner.php:73
- C:\xampp\htdocs\cakeApp\vendor\cakephp\debug_kit\src\Middleware\DebugKitMiddleware.php:60
- C:\xampp\htdocs\cakeApp\vendor\cakephp\cakephp\src\Http\Runner.php:73
- C:\xampp\htdocs\cakeApp\vendor\cakephp\cakephp\src\Http\Runner.php:58
- C:\xampp\htdocs\cakeApp\vendor\cakephp\cakephp\src\Http\Server.php:90
- C:\xampp\htdocs\cakeApp\webroot\index.php:40

Request URL: /articles/view/first-post
Referer URL: http://localhost/cakeApp/articles/index


2021-04-16 21:33:49 Error: [PDOException] SQLSTATE[23000]: Integrity constraint violation: 1062 Duplicate entry '' for key 'slug' in C:\xampp\htdocs\cakeApp\vendor\cakephp\cakephp\src\Database\Statement\MysqlStatement.php on line 39
Stack Trace:
- C:\xampp\htdocs\cakeApp\vendor\cakephp\cakephp\src\Database\Statement\MysqlStatement.php:39
- C:\xampp\htdocs\cakeApp\vendor\cakephp\cakephp\src\Database\Statement\StatementDecorator.php:178
- C:\xampp\htdocs\cakeApp\vendor\cakephp\cakephp\src\Database\Log\LoggingStatement.php:74
- C:\xampp\htdocs\cakeApp\vendor\cakephp\cakephp\src\Database\Connection.php:341
- C:\xampp\htdocs\cakeApp\vendor\cakephp\cakephp\src\Core\Retry\CommandRetry.php:70
- C:\xampp\htdocs\cakeApp\vendor\cakephp\cakephp\src\Database\Connection.php:344
- C:\xampp\htdocs\cakeApp\vendor\cakephp\cakephp\src\Database\Query.php:250
- C:\xampp\htdocs\cakeApp\vendor\cakephp\cakephp\src\ORM\Table.php:2077
- C:\xampp\htdocs\cakeApp\vendor\cakephp\cakephp\src\ORM\Table.php:1969
- C:\xampp\htdocs\cakeApp\vendor\cakephp\cakephp\src\ORM\Table.php:1870
- C:\xampp\htdocs\cakeApp\vendor\cakephp\cakephp\src\ORM\Table.php:1559
- C:\xampp\htdocs\cakeApp\vendor\cakephp\cakephp\src\Database\Connection.php:686
- C:\xampp\htdocs\cakeApp\vendor\cakephp\cakephp\src\ORM\Table.php:1560
- C:\xampp\htdocs\cakeApp\vendor\cakephp\cakephp\src\ORM\Table.php:1871
- C:\xampp\htdocs\cakeApp\src\Controller\ArticlesController.php:31
- C:\xampp\htdocs\cakeApp\vendor\cakephp\cakephp\src\Controller\Controller.php:531
- C:\xampp\htdocs\cakeApp\vendor\cakephp\cakephp\src\Controller\ControllerFactory.php:151
- C:\xampp\htdocs\cakeApp\vendor\cakephp\cakephp\src\Http\BaseApplication.php:313
- C:\xampp\htdocs\cakeApp\vendor\cakephp\cakephp\src\Http\Runner.php:77
- C:\xampp\htdocs\cakeApp\vendor\cakephp\cakephp\src\Http\Middleware\CsrfProtectionMiddleware.php:169
- C:\xampp\htdocs\cakeApp\vendor\cakephp\cakephp\src\Http\Runner.php:73
- C:\xampp\htdocs\cakeApp\vendor\cakephp\cakephp\src\Http\Middleware\BodyParserMiddleware.php:164
- C:\xampp\htdocs\cakeApp\vendor\cakephp\cakephp\src\Http\Runner.php:73
- C:\xampp\htdocs\cakeApp\vendor\cakephp\cakephp\src\Routing\Middleware\RoutingMiddleware.php:161
- C:\xampp\htdocs\cakeApp\vendor\cakephp\cakephp\src\Http\Runner.php:73
- C:\xampp\htdocs\cakeApp\vendor\cakephp\cakephp\src\Routing\Middleware\AssetMiddleware.php:68
- C:\xampp\htdocs\cakeApp\vendor\cakephp\cakephp\src\Http\Runner.php:73
- C:\xampp\htdocs\cakeApp\vendor\cakephp\cakephp\src\Error\Middleware\ErrorHandlerMiddleware.php:126
- C:\xampp\htdocs\cakeApp\vendor\cakephp\cakephp\src\Http\Runner.php:73
- C:\xampp\htdocs\cakeApp\vendor\cakephp\debug_kit\src\Middleware\DebugKitMiddleware.php:60
- C:\xampp\htdocs\cakeApp\vendor\cakephp\cakephp\src\Http\Runner.php:73
- C:\xampp\htdocs\cakeApp\vendor\cakephp\cakephp\src\Http\Runner.php:58
- C:\xampp\htdocs\cakeApp\vendor\cakephp\cakephp\src\Http\Server.php:90
- C:\xampp\htdocs\cakeApp\webroot\index.php:40

Request URL: /articles/add
Referer URL: http://localhost/cakeApp/articles/add


2021-04-16 21:38:30 Error: [PDOException] SQLSTATE[23000]: Integrity constraint violation: 1062 Duplicate entry '' for key 'slug' in C:\xampp\htdocs\cakeApp\vendor\cakephp\cakephp\src\Database\Statement\MysqlStatement.php on line 39
Stack Trace:
- C:\xampp\htdocs\cakeApp\vendor\cakephp\cakephp\src\Database\Statement\MysqlStatement.php:39
- C:\xampp\htdocs\cakeApp\vendor\cakephp\cakephp\src\Database\Statement\StatementDecorator.php:178
- C:\xampp\htdocs\cakeApp\vendor\cakephp\cakephp\src\Database\Log\LoggingStatement.php:74
- C:\xampp\htdocs\cakeApp\vendor\cakephp\cakephp\src\Database\Connection.php:341
- C:\xampp\htdocs\cakeApp\vendor\cakephp\cakephp\src\Core\Retry\CommandRetry.php:70
- C:\xampp\htdocs\cakeApp\vendor\cakephp\cakephp\src\Database\Connection.php:344
- C:\xampp\htdocs\cakeApp\vendor\cakephp\cakephp\src\Database\Query.php:250
- C:\xampp\htdocs\cakeApp\vendor\cakephp\cakephp\src\ORM\Table.php:2077
- C:\xampp\htdocs\cakeApp\vendor\cakephp\cakephp\src\ORM\Table.php:1969
- C:\xampp\htdocs\cakeApp\vendor\cakephp\cakephp\src\ORM\Table.php:1870
- C:\xampp\htdocs\cakeApp\vendor\cakephp\cakephp\src\ORM\Table.php:1559
- C:\xampp\htdocs\cakeApp\vendor\cakephp\cakephp\src\Database\Connection.php:686
- C:\xampp\htdocs\cakeApp\vendor\cakephp\cakephp\src\ORM\Table.php:1560
- C:\xampp\htdocs\cakeApp\vendor\cakephp\cakephp\src\ORM\Table.php:1871
- C:\xampp\htdocs\cakeApp\src\Controller\ArticlesController.php:31
- C:\xampp\htdocs\cakeApp\vendor\cakephp\cakephp\src\Controller\Controller.php:531
- C:\xampp\htdocs\cakeApp\vendor\cakephp\cakephp\src\Controller\ControllerFactory.php:151
- C:\xampp\htdocs\cakeApp\vendor\cakephp\cakephp\src\Http\BaseApplication.php:313
- C:\xampp\htdocs\cakeApp\vendor\cakephp\cakephp\src\Http\Runner.php:77
- C:\xampp\htdocs\cakeApp\vendor\cakephp\cakephp\src\Http\Middleware\CsrfProtectionMiddleware.php:169
- C:\xampp\htdocs\cakeApp\vendor\cakephp\cakephp\src\Http\Runner.php:73
- C:\xampp\htdocs\cakeApp\vendor\cakephp\cakephp\src\Http\Middleware\BodyParserMiddleware.php:164
- C:\xampp\htdocs\cakeApp\vendor\cakephp\cakephp\src\Http\Runner.php:73
- C:\xampp\htdocs\cakeApp\vendor\cakephp\cakephp\src\Routing\Middleware\RoutingMiddleware.php:161
- C:\xampp\htdocs\cakeApp\vendor\cakephp\cakephp\src\Http\Runner.php:73
- C:\xampp\htdocs\cakeApp\vendor\cakephp\cakephp\src\Routing\Middleware\AssetMiddleware.php:68
- C:\xampp\htdocs\cakeApp\vendor\cakephp\cakephp\src\Http\Runner.php:73
- C:\xampp\htdocs\cakeApp\vendor\cakephp\cakephp\src\Error\Middleware\ErrorHandlerMiddleware.php:126
- C:\xampp\htdocs\cakeApp\vendor\cakephp\cakephp\src\Http\Runner.php:73
- C:\xampp\htdocs\cakeApp\vendor\cakephp\debug_kit\src\Middleware\DebugKitMiddleware.php:60
- C:\xampp\htdocs\cakeApp\vendor\cakephp\cakephp\src\Http\Runner.php:73
- C:\xampp\htdocs\cakeApp\vendor\cakephp\cakephp\src\Http\Runner.php:58
- C:\xampp\htdocs\cakeApp\vendor\cakephp\cakephp\src\Http\Server.php:90
- C:\xampp\htdocs\cakeApp\webroot\index.php:40

Request URL: /articles/add
Referer URL: http://localhost/cakeApp/articles/add


2021-04-16 23:10:25 Warning: Warning (2): Undefined variable $article in [C:\xampp\htdocs\cakeApp\templates\Articles\add.php, line 3]
Request URL: /articles/add
Trace:
Cake\Error\BaseErrorHandler::handleError() - CORE\src\Error\BaseErrorHandler.php, line 188
DebugKit\Plugin::DebugKit\{closure}() - ROOT\vendor\cakephp\debug_kit\src\Plugin.php, line 105
include - ROOT\templates\Articles\add.php, line 3
Cake\View\View::_evaluate() - CORE\src\View\View.php, line 1176
Cake\View\View::_render() - CORE\src\View\View.php, line 1134
Cake\View\View::render() - CORE\src\View\View.php, line 764
Cake\Controller\Controller::render() - CORE\src\Controller\Controller.php, line 699
Cake\Controller\Controller::invokeAction() - CORE\src\Controller\Controller.php, line 540
Cake\Controller\ControllerFactory::invoke() - CORE\src\Controller\ControllerFactory.php, line 151
Cake\Http\BaseApplication::handle() - CORE\src\Http\BaseApplication.php, line 313
Cake\Http\Runner::handle() - CORE\src\Http\Runner.php, line 77
Cake\Http\Middleware\CsrfProtectionMiddleware::process() - CORE\src\Http\Middleware\CsrfProtectionMiddleware.php, line 169
Cake\Http\Runner::handle() - CORE\src\Http\Runner.php, line 73
Cake\Http\Middleware\BodyParserMiddleware::process() - CORE\src\Http\Middleware\BodyParserMiddleware.php, line 159
Cake\Http\Runner::handle() - CORE\src\Http\Runner.php, line 73
Cake\Routing\Middleware\RoutingMiddleware::process() - CORE\src\Routing\Middleware\RoutingMiddleware.php, line 161
Cake\Http\Runner::handle() - CORE\src\Http\Runner.php, line 73
Cake\Routing\Middleware\AssetMiddleware::process() - CORE\src\Routing\Middleware\AssetMiddleware.php, line 68
Cake\Http\Runner::handle() - CORE\src\Http\Runner.php, line 73
Cake\Error\Middleware\ErrorHandlerMiddleware::process() - CORE\src\Error\Middleware\ErrorHandlerMiddleware.php, line 126
Cake\Http\Runner::handle() - CORE\src\Http\Runner.php, line 73
DebugKit\Middleware\DebugKitMiddleware::process() - ROOT\vendor\cakephp\debug_kit\src\Middleware\DebugKitMiddleware.php, line 60
Cake\Http\Runner::handle() - CORE\src\Http\Runner.php, line 73
Cake\Http\Runner::run() - CORE\src\Http\Runner.php, line 58
Cake\Http\Server::run() - CORE\src\Http\Server.php, line 90
[main] - ROOT\webroot\index.php, line 40

2021-04-16 23:11:08 Error: [PDOException] SQLSTATE[23000]: Integrity constraint violation: 1062 Duplicate entry '' for key 'slug' in C:\xampp\htdocs\cakeApp\vendor\cakephp\cakephp\src\Database\Statement\MysqlStatement.php on line 39
Stack Trace:
- C:\xampp\htdocs\cakeApp\vendor\cakephp\cakephp\src\Database\Statement\MysqlStatement.php:39
- C:\xampp\htdocs\cakeApp\vendor\cakephp\cakephp\src\Database\Statement\StatementDecorator.php:178
- C:\xampp\htdocs\cakeApp\vendor\cakephp\cakephp\src\Database\Log\LoggingStatement.php:74
- C:\xampp\htdocs\cakeApp\vendor\cakephp\cakephp\src\Database\Connection.php:341
- C:\xampp\htdocs\cakeApp\vendor\cakephp\cakephp\src\Core\Retry\CommandRetry.php:70
- C:\xampp\htdocs\cakeApp\vendor\cakephp\cakephp\src\Database\Connection.php:344
- C:\xampp\htdocs\cakeApp\vendor\cakephp\cakephp\src\Database\Query.php:250
- C:\xampp\htdocs\cakeApp\vendor\cakephp\cakephp\src\ORM\Table.php:2077
- C:\xampp\htdocs\cakeApp\vendor\cakephp\cakephp\src\ORM\Table.php:1969
- C:\xampp\htdocs\cakeApp\vendor\cakephp\cakephp\src\ORM\Table.php:1870
- C:\xampp\htdocs\cakeApp\vendor\cakephp\cakephp\src\ORM\Table.php:1559
- C:\xampp\htdocs\cakeApp\vendor\cakephp\cakephp\src\Database\Connection.php:686
- C:\xampp\htdocs\cakeApp\vendor\cakephp\cakephp\src\ORM\Table.php:1560
- C:\xampp\htdocs\cakeApp\vendor\cakephp\cakephp\src\ORM\Table.php:1871
- C:\xampp\htdocs\cakeApp\src\Controller\ArticlesController.php:31
- C:\xampp\htdocs\cakeApp\vendor\cakephp\cakephp\src\Controller\Controller.php:531
- C:\xampp\htdocs\cakeApp\vendor\cakephp\cakephp\src\Controller\ControllerFactory.php:151
- C:\xampp\htdocs\cakeApp\vendor\cakephp\cakephp\src\Http\BaseApplication.php:313
- C:\xampp\htdocs\cakeApp\vendor\cakephp\cakephp\src\Http\Runner.php:77
- C:\xampp\htdocs\cakeApp\vendor\cakephp\cakephp\src\Http\Middleware\CsrfProtectionMiddleware.php:169
- C:\xampp\htdocs\cakeApp\vendor\cakephp\cakephp\src\Http\Runner.php:73
- C:\xampp\htdocs\cakeApp\vendor\cakephp\cakephp\src\Http\Middleware\BodyParserMiddleware.php:164
- C:\xampp\htdocs\cakeApp\vendor\cakephp\cakephp\src\Http\Runner.php:73
- C:\xampp\htdocs\cakeApp\vendor\cakephp\cakephp\src\Routing\Middleware\RoutingMiddleware.php:161
- C:\xampp\htdocs\cakeApp\vendor\cakephp\cakephp\src\Http\Runner.php:73
- C:\xampp\htdocs\cakeApp\vendor\cakephp\cakephp\src\Routing\Middleware\AssetMiddleware.php:68
- C:\xampp\htdocs\cakeApp\vendor\cakephp\cakephp\src\Http\Runner.php:73
- C:\xampp\htdocs\cakeApp\vendor\cakephp\cakephp\src\Error\Middleware\ErrorHandlerMiddleware.php:126
- C:\xampp\htdocs\cakeApp\vendor\cakephp\cakephp\src\Http\Runner.php:73
- C:\xampp\htdocs\cakeApp\vendor\cakephp\debug_kit\src\Middleware\DebugKitMiddleware.php:60
- C:\xampp\htdocs\cakeApp\vendor\cakephp\cakephp\src\Http\Runner.php:73
- C:\xampp\htdocs\cakeApp\vendor\cakephp\cakephp\src\Http\Runner.php:58
- C:\xampp\htdocs\cakeApp\vendor\cakephp\cakephp\src\Http\Server.php:90
- C:\xampp\htdocs\cakeApp\webroot\index.php:40

Request URL: /articles/add
Referer URL: http://localhost/cakeApp/articles/add


2021-04-16 23:15:16 Error: [PDOException] SQLSTATE[23000]: Integrity constraint violation: 1062 Duplicate entry '' for key 'slug' in C:\xampp\htdocs\cakeApp\vendor\cakephp\cakephp\src\Database\Statement\MysqlStatement.php on line 39
Stack Trace:
- C:\xampp\htdocs\cakeApp\vendor\cakephp\cakephp\src\Database\Statement\MysqlStatement.php:39
- C:\xampp\htdocs\cakeApp\vendor\cakephp\cakephp\src\Database\Statement\StatementDecorator.php:178
- C:\xampp\htdocs\cakeApp\vendor\cakephp\cakephp\src\Database\Log\LoggingStatement.php:74
- C:\xampp\htdocs\cakeApp\vendor\cakephp\cakephp\src\Database\Connection.php:341
- C:\xampp\htdocs\cakeApp\vendor\cakephp\cakephp\src\Core\Retry\CommandRetry.php:70
- C:\xampp\htdocs\cakeApp\vendor\cakephp\cakephp\src\Database\Connection.php:344
- C:\xampp\htdocs\cakeApp\vendor\cakephp\cakephp\src\Database\Query.php:250
- C:\xampp\htdocs\cakeApp\vendor\cakephp\cakephp\src\ORM\Table.php:2077
- C:\xampp\htdocs\cakeApp\vendor\cakephp\cakephp\src\ORM\Table.php:1969
- C:\xampp\htdocs\cakeApp\vendor\cakephp\cakephp\src\ORM\Table.php:1870
- C:\xampp\htdocs\cakeApp\vendor\cakephp\cakephp\src\ORM\Table.php:1559
- C:\xampp\htdocs\cakeApp\vendor\cakephp\cakephp\src\Database\Connection.php:686
- C:\xampp\htdocs\cakeApp\vendor\cakephp\cakephp\src\ORM\Table.php:1560
- C:\xampp\htdocs\cakeApp\vendor\cakephp\cakephp\src\ORM\Table.php:1871
- C:\xampp\htdocs\cakeApp\src\Controller\ArticlesController.php:31
- C:\xampp\htdocs\cakeApp\vendor\cakephp\cakephp\src\Controller\Controller.php:531
- C:\xampp\htdocs\cakeApp\vendor\cakephp\cakephp\src\Controller\ControllerFactory.php:151
- C:\xampp\htdocs\cakeApp\vendor\cakephp\cakephp\src\Http\BaseApplication.php:313
- C:\xampp\htdocs\cakeApp\vendor\cakephp\cakephp\src\Http\Runner.php:77
- C:\xampp\htdocs\cakeApp\vendor\cakephp\cakephp\src\Http\Middleware\CsrfProtectionMiddleware.php:169
- C:\xampp\htdocs\cakeApp\vendor\cakephp\cakephp\src\Http\Runner.php:73
- C:\xampp\htdocs\cakeApp\vendor\cakephp\cakephp\src\Http\Middleware\BodyParserMiddleware.php:164
- C:\xampp\htdocs\cakeApp\vendor\cakephp\cakephp\src\Http\Runner.php:73
- C:\xampp\htdocs\cakeApp\vendor\cakephp\cakephp\src\Routing\Middleware\RoutingMiddleware.php:161
- C:\xampp\htdocs\cakeApp\vendor\cakephp\cakephp\src\Http\Runner.php:73
- C:\xampp\htdocs\cakeApp\vendor\cakephp\cakephp\src\Routing\Middleware\AssetMiddleware.php:68
- C:\xampp\htdocs\cakeApp\vendor\cakephp\cakephp\src\Http\Runner.php:73
- C:\xampp\htdocs\cakeApp\vendor\cakephp\cakephp\src\Error\Middleware\ErrorHandlerMiddleware.php:126
- C:\xampp\htdocs\cakeApp\vendor\cakephp\cakephp\src\Http\Runner.php:73
- C:\xampp\htdocs\cakeApp\vendor\cakephp\debug_kit\src\Middleware\DebugKitMiddleware.php:60
- C:\xampp\htdocs\cakeApp\vendor\cakephp\cakephp\src\Http\Runner.php:73
- C:\xampp\htdocs\cakeApp\vendor\cakephp\cakephp\src\Http\Runner.php:58
- C:\xampp\htdocs\cakeApp\vendor\cakephp\cakephp\src\Http\Server.php:90
- C:\xampp\htdocs\cakeApp\webroot\index.php:40

Request URL: /articles/add
Referer URL: http://localhost/cakeApp/articles/add


2021-04-16 23:16:35 Error: [PDOException] SQLSTATE[23000]: Integrity constraint violation: 1062 Duplicate entry '' for key 'slug' in C:\xampp\htdocs\cakeApp\vendor\cakephp\cakephp\src\Database\Statement\MysqlStatement.php on line 39
Stack Trace:
- C:\xampp\htdocs\cakeApp\vendor\cakephp\cakephp\src\Database\Statement\MysqlStatement.php:39
- C:\xampp\htdocs\cakeApp\vendor\cakephp\cakephp\src\Database\Statement\StatementDecorator.php:178
- C:\xampp\htdocs\cakeApp\vendor\cakephp\cakephp\src\Database\Log\LoggingStatement.php:74
- C:\xampp\htdocs\cakeApp\vendor\cakephp\cakephp\src\Database\Connection.php:341
- C:\xampp\htdocs\cakeApp\vendor\cakephp\cakephp\src\Core\Retry\CommandRetry.php:70
- C:\xampp\htdocs\cakeApp\vendor\cakephp\cakephp\src\Database\Connection.php:344
- C:\xampp\htdocs\cakeApp\vendor\cakephp\cakephp\src\Database\Query.php:250
- C:\xampp\htdocs\cakeApp\vendor\cakephp\cakephp\src\ORM\Table.php:2077
- C:\xampp\htdocs\cakeApp\vendor\cakephp\cakephp\src\ORM\Table.php:1969
- C:\xampp\htdocs\cakeApp\vendor\cakephp\cakephp\src\ORM\Table.php:1870
- C:\xampp\htdocs\cakeApp\vendor\cakephp\cakephp\src\ORM\Table.php:1559
- C:\xampp\htdocs\cakeApp\vendor\cakephp\cakephp\src\Database\Connection.php:686
- C:\xampp\htdocs\cakeApp\vendor\cakephp\cakephp\src\ORM\Table.php:1560
- C:\xampp\htdocs\cakeApp\vendor\cakephp\cakephp\src\ORM\Table.php:1871
- C:\xampp\htdocs\cakeApp\src\Controller\ArticlesController.php:31
- C:\xampp\htdocs\cakeApp\vendor\cakephp\cakephp\src\Controller\Controller.php:531
- C:\xampp\htdocs\cakeApp\vendor\cakephp\cakephp\src\Controller\ControllerFactory.php:151
- C:\xampp\htdocs\cakeApp\vendor\cakephp\cakephp\src\Http\BaseApplication.php:313
- C:\xampp\htdocs\cakeApp\vendor\cakephp\cakephp\src\Http\Runner.php:77
- C:\xampp\htdocs\cakeApp\vendor\cakephp\cakephp\src\Http\Middleware\CsrfProtectionMiddleware.php:169
- C:\xampp\htdocs\cakeApp\vendor\cakephp\cakephp\src\Http\Runner.php:73
- C:\xampp\htdocs\cakeApp\vendor\cakephp\cakephp\src\Http\Middleware\BodyParserMiddleware.php:164
- C:\xampp\htdocs\cakeApp\vendor\cakephp\cakephp\src\Http\Runner.php:73
- C:\xampp\htdocs\cakeApp\vendor\cakephp\cakephp\src\Routing\Middleware\RoutingMiddleware.php:161
- C:\xampp\htdocs\cakeApp\vendor\cakephp\cakephp\src\Http\Runner.php:73
- C:\xampp\htdocs\cakeApp\vendor\cakephp\cakephp\src\Routing\Middleware\AssetMiddleware.php:68
- C:\xampp\htdocs\cakeApp\vendor\cakephp\cakephp\src\Http\Runner.php:73
- C:\xampp\htdocs\cakeApp\vendor\cakephp\cakephp\src\Error\Middleware\ErrorHandlerMiddleware.php:126
- C:\xampp\htdocs\cakeApp\vendor\cakephp\cakephp\src\Http\Runner.php:73
- C:\xampp\htdocs\cakeApp\vendor\cakephp\debug_kit\src\Middleware\DebugKitMiddleware.php:60
- C:\xampp\htdocs\cakeApp\vendor\cakephp\cakephp\src\Http\Runner.php:73
- C:\xampp\htdocs\cakeApp\vendor\cakephp\cakephp\src\Http\Runner.php:58
- C:\xampp\htdocs\cakeApp\vendor\cakephp\cakephp\src\Http\Server.php:90
- C:\xampp\htdocs\cakeApp\webroot\index.php:40

Request URL: /articles/add
Referer URL: http://localhost/cakeApp/articles/add


2021-04-16 23:16:52 Error: [PDOException] SQLSTATE[23000]: Integrity constraint violation: 1062 Duplicate entry '' for key 'slug' in C:\xampp\htdocs\cakeApp\vendor\cakephp\cakephp\src\Database\Statement\MysqlStatement.php on line 39
Stack Trace:
- C:\xampp\htdocs\cakeApp\vendor\cakephp\cakephp\src\Database\Statement\MysqlStatement.php:39
- C:\xampp\htdocs\cakeApp\vendor\cakephp\cakephp\src\Database\Statement\StatementDecorator.php:178
- C:\xampp\htdocs\cakeApp\vendor\cakephp\cakephp\src\Database\Log\LoggingStatement.php:74
- C:\xampp\htdocs\cakeApp\vendor\cakephp\cakephp\src\Database\Connection.php:341
- C:\xampp\htdocs\cakeApp\vendor\cakephp\cakephp\src\Core\Retry\CommandRetry.php:70
- C:\xampp\htdocs\cakeApp\vendor\cakephp\cakephp\src\Database\Connection.php:344
- C:\xampp\htdocs\cakeApp\vendor\cakephp\cakephp\src\Database\Query.php:250
- C:\xampp\htdocs\cakeApp\vendor\cakephp\cakephp\src\ORM\Table.php:2077
- C:\xampp\htdocs\cakeApp\vendor\cakephp\cakephp\src\ORM\Table.php:1969
- C:\xampp\htdocs\cakeApp\vendor\cakephp\cakephp\src\ORM\Table.php:1870
- C:\xampp\htdocs\cakeApp\vendor\cakephp\cakephp\src\ORM\Table.php:1559
- C:\xampp\htdocs\cakeApp\vendor\cakephp\cakephp\src\Database\Connection.php:686
- C:\xampp\htdocs\cakeApp\vendor\cakephp\cakephp\src\ORM\Table.php:1560
- C:\xampp\htdocs\cakeApp\vendor\cakephp\cakephp\src\ORM\Table.php:1871
- C:\xampp\htdocs\cakeApp\src\Controller\ArticlesController.php:31
- C:\xampp\htdocs\cakeApp\vendor\cakephp\cakephp\src\Controller\Controller.php:531
- C:\xampp\htdocs\cakeApp\vendor\cakephp\cakephp\src\Controller\ControllerFactory.php:151
- C:\xampp\htdocs\cakeApp\vendor\cakephp\cakephp\src\Http\BaseApplication.php:313
- C:\xampp\htdocs\cakeApp\vendor\cakephp\cakephp\src\Http\Runner.php:77
- C:\xampp\htdocs\cakeApp\vendor\cakephp\cakephp\src\Http\Middleware\CsrfProtectionMiddleware.php:169
- C:\xampp\htdocs\cakeApp\vendor\cakephp\cakephp\src\Http\Runner.php:73
- C:\xampp\htdocs\cakeApp\vendor\cakephp\cakephp\src\Http\Middleware\BodyParserMiddleware.php:164
- C:\xampp\htdocs\cakeApp\vendor\cakephp\cakephp\src\Http\Runner.php:73
- C:\xampp\htdocs\cakeApp\vendor\cakephp\cakephp\src\Routing\Middleware\RoutingMiddleware.php:161
- C:\xampp\htdocs\cakeApp\vendor\cakephp\cakephp\src\Http\Runner.php:73
- C:\xampp\htdocs\cakeApp\vendor\cakephp\cakephp\src\Routing\Middleware\AssetMiddleware.php:68
- C:\xampp\htdocs\cakeApp\vendor\cakephp\cakephp\src\Http\Runner.php:73
- C:\xampp\htdocs\cakeApp\vendor\cakephp\cakephp\src\Error\Middleware\ErrorHandlerMiddleware.php:126
- C:\xampp\htdocs\cakeApp\vendor\cakephp\cakephp\src\Http\Runner.php:73
- C:\xampp\htdocs\cakeApp\vendor\cakephp\debug_kit\src\Middleware\DebugKitMiddleware.php:60
- C:\xampp\htdocs\cakeApp\vendor\cakephp\cakephp\src\Http\Runner.php:73
- C:\xampp\htdocs\cakeApp\vendor\cakephp\cakephp\src\Http\Runner.php:58
- C:\xampp\htdocs\cakeApp\vendor\cakephp\cakephp\src\Http\Server.php:90
- C:\xampp\htdocs\cakeApp\webroot\index.php:40

Request URL: /articles/add
Referer URL: http://localhost/cakeApp/articles/add


